2016-08-29 15:25:42
Full thread dump Java HotSpot(TM) 64-Bit Server VM (25.102-b14 mixed mode):

"DestroyJavaVM" #16 prio=5 os_prio=0 tid=0x000000000283e000 nid=0x176c waiting on condition [0x0000000000000000]
   java.lang.Thread.State: RUNNABLE

"Thread-3" #15 prio=5 os_prio=0 tid=0x00000000193b6800 nid=0x580 waiting for monitor entry [0x0000000019f0f000]
   java.lang.Thread.State: BLOCKED (on object monitor)
	at jmp.training.thread.deadlock.DeadThread.run(DeadThread.java:30)
	- waiting to lock <0x00000000d649a6d0> (a jmp.training.thread.deadlock.Lock)
	- locked <0x00000000d649a700> (a jmp.training.thread.deadlock.Lock)
	at java.lang.Thread.run(Thread.java:745)

"Thread-2" #14 prio=5 os_prio=0 tid=0x00000000193b6000 nid=0xbc4 waiting for monitor entry [0x0000000019e0f000]
   java.lang.Thread.State: BLOCKED (on object monitor)
	at jmp.training.thread.deadlock.DeadThread.run(DeadThread.java:30)
	- waiting to lock <0x00000000d649a700> (a jmp.training.thread.deadlock.Lock)
	- locked <0x00000000d649a6f0> (a jmp.training.thread.deadlock.Lock)
	at java.lang.Thread.run(Thread.java:745)

"Thread-1" #13 prio=5 os_prio=0 tid=0x00000000193b5000 nid=0x844 waiting for monitor entry [0x0000000019d0f000]
   java.lang.Thread.State: BLOCKED (on object monitor)
	at jmp.training.thread.deadlock.DeadThread.run(DeadThread.java:30)
	- waiting to lock <0x00000000d649a6f0> (a jmp.training.thread.deadlock.Lock)
	- locked <0x00000000d649a6e0> (a jmp.training.thread.deadlock.Lock)
	at java.lang.Thread.run(Thread.java:745)

"Thread-0" #12 prio=5 os_prio=0 tid=0x00000000193a0800 nid=0xf34 waiting for monitor entry [0x0000000019c0f000]
   java.lang.Thread.State: BLOCKED (on object monitor)
	at jmp.training.thread.deadlock.DeadThread.run(DeadThread.java:30)
	- waiting to lock <0x00000000d649a6e0> (a jmp.training.thread.deadlock.Lock)
	- locked <0x00000000d649a6d0> (a jmp.training.thread.deadlock.Lock)
	at java.lang.Thread.run(Thread.java:745)

"Service Thread" #11 daemon prio=9 os_prio=0 tid=0x00000000173f9000 nid=0xb00 runnable [0x0000000000000000]
   java.lang.Thread.State: RUNNABLE

"C1 CompilerThread1" #10 daemon prio=9 os_prio=2 tid=0x000000001739e800 nid=0x1dcc waiting on condition [0x0000000000000000]
   java.lang.Thread.State: RUNNABLE

"C2 CompilerThread0" #9 daemon prio=9 os_prio=2 tid=0x000000001739b800 nid=0x1ec4 waiting on condition [0x0000000000000000]
   java.lang.Thread.State: RUNNABLE

"JDWP Command Reader" #8 daemon prio=10 os_prio=0 tid=0x0000000017380800 nid=0x74c runnable [0x0000000000000000]
   java.lang.Thread.State: RUNNABLE

"JDWP Event Helper Thread" #7 daemon prio=10 os_prio=0 tid=0x000000001737f000 nid=0xd7c runnable [0x0000000000000000]
   java.lang.Thread.State: RUNNABLE

"JDWP Transport Listener: dt_socket" #6 daemon prio=10 os_prio=0 tid=0x0000000017372800 nid=0xbdc runnable [0x0000000000000000]
   java.lang.Thread.State: RUNNABLE

"Attach Listener" #5 daemon prio=5 os_prio=2 tid=0x000000001736c000 nid=0x4c4 waiting on condition [0x0000000000000000]
   java.lang.Thread.State: RUNNABLE

"Signal Dispatcher" #4 daemon prio=9 os_prio=2 tid=0x0000000017368800 nid=0x1994 runnable [0x0000000000000000]
   java.lang.Thread.State: RUNNABLE

"Finalizer" #3 daemon prio=8 os_prio=1 tid=0x0000000017358800 nid=0x1d3c in Object.wait() [0x000000001809f000]
   java.lang.Thread.State: WAITING (on object monitor)
	at java.lang.Object.wait(Native Method)
	- waiting on <0x00000000d5c08e98> (a java.lang.ref.ReferenceQueue$Lock)
	at java.lang.ref.ReferenceQueue.remove(ReferenceQueue.java:143)
	- locked <0x00000000d5c08e98> (a java.lang.ref.ReferenceQueue$Lock)
	at java.lang.ref.ReferenceQueue.remove(ReferenceQueue.java:164)
	at java.lang.ref.Finalizer$FinalizerThread.run(Finalizer.java:209)

"Reference Handler" #2 daemon prio=10 os_prio=2 tid=0x0000000002a2e000 nid=0x16b8 in Object.wait() [0x0000000017f9e000]
   java.lang.Thread.State: WAITING (on object monitor)
	at java.lang.Object.wait(Native Method)
	- waiting on <0x00000000d5c06b40> (a java.lang.ref.Reference$Lock)
	at java.lang.Object.wait(Object.java:502)
	at java.lang.ref.Reference.tryHandlePending(Reference.java:191)
	- locked <0x00000000d5c06b40> (a java.lang.ref.Reference$Lock)
	at java.lang.ref.Reference$ReferenceHandler.run(Reference.java:153)

"VM Thread" os_prio=2 tid=0x0000000017335800 nid=0x18d8 runnable 

"GC task thread#0 (ParallelGC)" os_prio=0 tid=0x0000000002957800 nid=0xd4c runnable 

"GC task thread#1 (ParallelGC)" os_prio=0 tid=0x0000000002959000 nid=0x92c runnable 

"VM Periodic Task Thread" os_prio=2 tid=0x00000000173fe800 nid=0x1c14 waiting on condition 

JNI global references: 3306


Found one Java-level deadlock:
=============================
"Thread-3":
  waiting to lock monitor 0x00000000193b2038 (object 0x00000000d649a6d0, a jmp.training.thread.deadlock.Lock),
  which is held by "Thread-0"
"Thread-0":
  waiting to lock monitor 0x00000000193b43f8 (object 0x00000000d649a6e0, a jmp.training.thread.deadlock.Lock),
  which is held by "Thread-1"
"Thread-1":
  waiting to lock monitor 0x00000000193af858 (object 0x00000000d649a6f0, a jmp.training.thread.deadlock.Lock),
  which is held by "Thread-2"
"Thread-2":
  waiting to lock monitor 0x00000000193b0a38 (object 0x00000000d649a700, a jmp.training.thread.deadlock.Lock),
  which is held by "Thread-3"

Java stack information for the threads listed above:
===================================================
"Thread-3":
	at jmp.training.thread.deadlock.DeadThread.run(DeadThread.java:30)
	- waiting to lock <0x00000000d649a6d0> (a jmp.training.thread.deadlock.Lock)
	- locked <0x00000000d649a700> (a jmp.training.thread.deadlock.Lock)
	at java.lang.Thread.run(Thread.java:745)
"Thread-0":
	at jmp.training.thread.deadlock.DeadThread.run(DeadThread.java:30)
	- waiting to lock <0x00000000d649a6e0> (a jmp.training.thread.deadlock.Lock)
	- locked <0x00000000d649a6d0> (a jmp.training.thread.deadlock.Lock)
	at java.lang.Thread.run(Thread.java:745)
"Thread-1":
	at jmp.training.thread.deadlock.DeadThread.run(DeadThread.java:30)
	- waiting to lock <0x00000000d649a6f0> (a jmp.training.thread.deadlock.Lock)
	- locked <0x00000000d649a6e0> (a jmp.training.thread.deadlock.Lock)
	at java.lang.Thread.run(Thread.java:745)
"Thread-2":
	at jmp.training.thread.deadlock.DeadThread.run(DeadThread.java:30)
	- waiting to lock <0x00000000d649a700> (a jmp.training.thread.deadlock.Lock)
	- locked <0x00000000d649a6f0> (a jmp.training.thread.deadlock.Lock)
	at java.lang.Thread.run(Thread.java:745)

Found 1 deadlock.

